<?xml version="1.0" encoding="UTF-8"?>
<!-- Generated by org.testng.reporters.JUnitXMLReporter -->
<testsuite hostname="DESKTOP-0DK05CA" ignored="1" name="test1" tests="2" failures="0" timestamp="24 Dec 2018 06:45:14 GMT" time="0.03" errors="0">
  <testcase name="testPrintMessage" time="0.009" classname="com.techgeek.testng.GroupTestExample"/>
  <testcase name="testingExitMessage" time="0.001" classname="com.techgeek.testng.GroupTestExample"/>
  <testcase name="testSalutationMessage" time="0.0" classname="com.techgeek.testng.GroupTestExample">
    <ignored/>
  </testcase> <!-- testSalutationMessage -->
</testsuite> <!-- test1 -->
