<?xml version="1.0" encoding="UTF-8"?>
<testng-results skipped="0" failed="0" ignored="0" total="2" passed="2">
  <reporter-output>
  </reporter-output>
  <suite name="GITHUB" duration-ms="53" started-at="2018-12-17T14:12:46Z" finished-at="2018-12-17T14:12:46Z">
    <groups>
    </groups>
    <test name="SAMPLE Testing" duration-ms="53" started-at="2018-12-17T14:12:46Z" finished-at="2018-12-17T14:12:46Z">
      <class name="com.GitHub.SampleDemo">
        <test-method status="PASS" signature="demo()[pri:0, instance:com.GitHub.SampleDemo@2b98378d]" name="demo" duration-ms="1" started-at="2018-12-17T19:42:46Z" finished-at="2018-12-17T19:42:46Z">
          <reporter-output>
          </reporter-output>
        </test-method> <!-- demo -->
      </class> <!-- com.GitHub.SampleDemo -->
      <class name="com.core.App">
        <test-method status="PASS" signature="disp()[pri:0, instance:com.core.App@18be83e4]" name="disp" duration-ms="14" started-at="2018-12-17T19:42:46Z" finished-at="2018-12-17T19:42:46Z">
          <reporter-output>
          </reporter-output>
        </test-method> <!-- disp -->
      </class> <!-- com.core.App -->
    </test> <!-- SAMPLE Testing -->
  </suite> <!-- GITHUB -->
</testng-results>
